<?xml version="1.0" encoding="UTF-8"?>
<!-- Generated by org.testng.reporters.JUnitReportReporter -->
<testsuite hostname="DESKTOP-TLETKQT" failures="0" tests="3" name="com.TestNG.Extent_With_TestNG" time="0.061" errors="0" timestamp="2022-07-25T14:48:22 BDT" skipped="0">
  <testcase classname="com.TestNG.Extent_With_TestNG" name="pass" time="0.045"/>
  <system-out/>
  <testcase classname="com.TestNG.Extent_With_TestNG" name="warning" time="0.013"/>
  <system-out/>
  <testcase classname="com.TestNG.Extent_With_TestNG" name="skip" time="0.003"/>
  <system-out/>
</testsuite> <!-- com.TestNG.Extent_With_TestNG -->
